2023-02-20 14:51:46,915
2023-02-20 14:51:46,915
2023-02-20 14:51:46,915
2023-02-20 14:51:46,915
2023-02-20 14:51:46,915
2023-02-20 14:51:46,915
2023-02-20 14:52:27,843 - root
2023-02-20 14:52:27,843 - root
2023-02-20 14:52:27,843 - root
2023-02-20 14:52:27,843 - root
2023-02-20 14:52:27,843 - root
2023-02-20 14:52:27,843 - root
2023-02-20 14:53:10,227 - root  - INFO
2023-02-20 14:53:10,227 - root  - INFO
2023-02-20 14:53:10,227 - root  - INFO
2023-02-20 14:53:10,227 - root  - INFO
2023-02-20 14:53:10,227 - root  - INFO
2023-02-20 14:53:10,227 - root  - INFO
2023-02-20 14:53:37,098 - root  - INFO  Multiplying 10 * 5
2023-02-20 14:53:37,099 - root  - INFO  50
2023-02-20 14:53:37,099 - root  - INFO  Division 10 / 5
2023-02-20 14:53:37,099 - root  - INFO  2.0
2023-02-20 14:53:37,099 - root  - INFO  Addition 10 + 5
2023-02-20 14:53:37,099 - root  - INFO  15
2023-02-20 14:54:23,946 - root  - INFO  Multiplying 10 * 0
2023-02-20 14:54:23,946 - root  - INFO  0
2023-02-20 14:54:23,947 - root  - INFO  Division 10 / 0
2023-02-20 14:54:23,947 - root  - INFO  Division 10 / 0
2023-02-20 14:54:23,947 - root  - INFO  division by zero
2023-02-20 14:54:23,947 - root  - INFO  Addition 10 + 0
2023-02-20 14:54:23,947 - root  - INFO  10
2023-02-20 14:55:18,979 - root  - INFO  Multiplying 10 * 0
2023-02-20 14:55:18,979 - root  - INFO  0
2023-02-20 14:55:18,979 - root  - INFO  Division 10 / 0
2023-02-20 14:55:18,979 - root  - INFO  division by zero
2023-02-20 14:55:18,979 - root  - INFO  Addition 10 + 0
2023-02-20 14:55:18,979 - root  - INFO  10
